{"name": "登录测试 - seel-test-alexsong-1050", "status": "failed", "statusDetails": {"message": "AssertionError: 元素未找到，data: yuchen.song+1050@seel.com 123, screenshot: /Users/alex/PycharmProjects/pytest_framework/image/20250427_174117.png", "trace": "self = <Test_Case.MD.test_md_login.TestMDLogin object at 0x102eaccd0>, url = 'https://dashboard-dev.seel.com/', domain = 'seel-test-alexsong-1050', email = 'yuchen.song+1050@seel.com', order = 123\n\n    @pytest.mark.parametrize(\"url, domain, email, order\", read_data(\"/Users/alex/登陆数据.xlsx\", \"MD登陆数据\"))\n    @allure.feature(\"MD 登录功能\")\n    @allure.story(\"MD 登录测试\")\n    def test_login(self, url, domain, email, order):\n        allure.dynamic.title(f\"登录测试 - {domain}\")\n        allure.dynamic.description(f\"测试渠道: {domain}, 邮箱: {email}, 订单号: {order}\")\n    \n        try:\n            with allure.step(\"打开MD Dashboard页面\"):\n                self.driver.get(url)\n                allure.attach(self.driver.get_screenshot_as_png(), name=\"页面截图\", attachment_type=allure.attachment_type.PNG)\n                assert \"Merchant Dashboard\" in self.driver.title\n    \n            with allure.step(\"执行登录操作\"):\n>               element = MD_login(self.driver, email, order)\n\nTest_Case/MD/test_md_login.py:71: \n_ _ _ _ _ _ _ _ _ _ _ _ _ _ _ _ _ _ _ _ _ _ _ _ _ _ _ _ _ _ _ _ _ _ _ _ _ _ _ _ _ _ _ _ _ _ _ _ _ _ _ _ _ _ _ _ _ _ _ _ _ _ _ _ _ _ _ _ _ _ _ _ _ _ _ _ _ _ _ _ _ _ _ _ _ _ _ _ _ _ _ _ _ _ _ _ _ _ _ _ _ _ _ _ _ _ _ _ _ _ _ _ _ _ _ _ _ _ _ _ _ _ _ _ _ _ _ _ _ _ _ _ _ _ _ _ _ _ _ _ _ _ _ _ _ _ _ _ _ _ _ _ _ _\ncommon/MD_login.py:17: in MD_login\n    element = driver.find_element(By.XPATH, \"//h1[@class='font-bold text-3xl mr-6']\").text\n.venv/lib/python3.13/site-packages/selenium/webdriver/remote/webdriver.py:898: in find_element\n    return self.execute(Command.FIND_ELEMENT, {\"using\": by, \"value\": value})[\"value\"]\n.venv/lib/python3.13/site-packages/selenium/webdriver/remote/webdriver.py:429: in execute\n    self.error_handler.check_response(response)\n_ _ _ _ _ _ _ _ _ _ _ _ _ _ _ _ _ _ _ _ _ _ _ _ _ _ _ _ _ _ _ _ _ _ _ _ _ _ _ _ _ _ _ _ _ _ _ _ _ _ _ _ _ _ _ _ _ _ _ _ _ _ _ _ _ _ _ _ _ _ _ _ _ _ _ _ _ _ _ _ _ _ _ _ _ _ _ _ _ _ _ _ _ _ _ _ _ _ _ _ _ _ _ _ _ _ _ _ _ _ _ _ _ _ _ _ _ _ _ _ _ _ _ _ _ _ _ _ _ _ _ _ _ _ _ _ _ _ _ _ _ _ _ _ _ _ _ _ _ _ _ _ _ _\n\nself = <selenium.webdriver.remote.errorhandler.ErrorHandler object at 0x102f91a70>\nresponse = {'status': 404, 'value': '{\"value\":{\"error\":\"no such element\",\"message\":\"no such element: Unable to locate element: {\\...000191c9c2e4 _pthread_start + 136\\\\n15  libsystem_pthread.dylib             0x0000000191c970fc thread_start + 8\\\\n\"}}'}\n\n    def check_response(self, response: Dict[str, Any]) -> None:\n        \"\"\"Checks that a JSON response from the WebDriver does not have an\n        error.\n    \n        :Args:\n         - response - The JSON response from the WebDriver server as a dictionary\n           object.\n    \n        :Raises: If the response contains an error message.\n        \"\"\"\n        status = response.get(\"status\", None)\n        if not status or status == ErrorCode.SUCCESS:\n            return\n        value = None\n        message = response.get(\"message\", \"\")\n        screen: str = response.get(\"screen\", \"\")\n        stacktrace = None\n        if isinstance(status, int):\n            value_json = response.get(\"value\", None)\n            if value_json and isinstance(value_json, str):\n                import json\n    \n                try:\n                    value = json.loads(value_json)\n                    if len(value) == 1:\n                        value = value[\"value\"]\n                    status = value.get(\"error\", None)\n                    if not status:\n                        status = value.get(\"status\", ErrorCode.UNKNOWN_ERROR)\n                        message = value.get(\"value\") or value.get(\"message\")\n                        if not isinstance(message, str):\n                            value = message\n                            message = message.get(\"message\")\n                    else:\n                        message = value.get(\"message\", None)\n                except ValueError:\n                    pass\n    \n        exception_class: Type[WebDriverException]\n        e = ErrorCode()\n        error_codes = [item for item in dir(e) if not item.startswith(\"__\")]\n        for error_code in error_codes:\n            error_info = getattr(ErrorCode, error_code)\n            if isinstance(error_info, list) and status in error_info:\n                exception_class = getattr(ExceptionMapping, error_code, WebDriverException)\n                break\n        else:\n            exception_class = WebDriverException\n    \n        if not value:\n            value = response[\"value\"]\n        if isinstance(value, str):\n            raise exception_class(value)\n        if message == \"\" and \"message\" in value:\n            message = value[\"message\"]\n    \n        screen = None  # type: ignore[assignment]\n        if \"screen\" in value:\n            screen = value[\"screen\"]\n    \n        stacktrace = None\n        st_value = value.get(\"stackTrace\") or value.get(\"stacktrace\")\n        if st_value:\n            if isinstance(st_value, str):\n                stacktrace = st_value.split(\"\\n\")\n            else:\n                stacktrace = []\n                try:\n                    for frame in st_value:\n                        line = frame.get(\"lineNumber\", \"\")\n                        file = frame.get(\"fileName\", \"<anonymous>\")\n                        if line:\n                            file = f\"{file}:{line}\"\n                        meth = frame.get(\"methodName\", \"<anonymous>\")\n                        if \"className\" in frame:\n                            meth = f\"{frame['className']}.{meth}\"\n                        msg = \"    at %s (%s)\"\n                        msg = msg % (meth, file)\n                        stacktrace.append(msg)\n                except TypeError:\n                    pass\n        if exception_class == UnexpectedAlertPresentException:\n            alert_text = None\n            if \"data\" in value:\n                alert_text = value[\"data\"].get(\"text\")\n            elif \"alert\" in value:\n                alert_text = value[\"alert\"].get(\"text\")\n            raise exception_class(message, screen, stacktrace, alert_text)  # type: ignore[call-arg]  # mypy is not smart enough here\n>       raise exception_class(message, screen, stacktrace)\nE       selenium.common.exceptions.NoSuchElementException: Message: no such element: Unable to locate element: {\"method\":\"xpath\",\"selector\":\"//h1[@class='font-bold text-3xl mr-6']\"}\nE         (Session info: chrome=135.0.7049.115); For documentation on this error, please visit: https://www.selenium.dev/documentation/webdriver/troubleshooting/errors#no-such-element-exception\nE       Stacktrace:\nE       0   chromedriver                        0x0000000105056e10 cxxbridge1$str$ptr + 2817040\nE       1   chromedriver                        0x000000010504f0ac cxxbridge1$str$ptr + 2784940\nE       2   chromedriver                        0x0000000104b968d8 cxxbridge1$string$len + 93028\nE       3   chromedriver                        0x0000000104bdd6a0 cxxbridge1$string$len + 383276\nE       4   chromedriver                        0x0000000104c1e7b8 cxxbridge1$string$len + 649796\nE       5   chromedriver                        0x0000000104bd1a80 cxxbridge1$string$len + 335116\nE       6   chromedriver                        0x000000010501bc98 cxxbridge1$str$ptr + 2575000\nE       7   chromedriver                        0x000000010501ef64 cxxbridge1$str$ptr + 2588004\nE       8   chromedriver                        0x0000000104ffba20 cxxbridge1$str$ptr + 2443296\nE       9   chromedriver                        0x000000010501f7e0 cxxbridge1$str$ptr + 2590176\nE       10  chromedriver                        0x0000000104fecb14 cxxbridge1$str$ptr + 2382100\nE       11  chromedriver                        0x000000010503f9c4 cxxbridge1$str$ptr + 2721732\nE       12  chromedriver                        0x000000010503fb50 cxxbridge1$str$ptr + 2722128\nE       13  chromedriver                        0x000000010504ecf8 cxxbridge1$str$ptr + 2783992\nE       14  libsystem_pthread.dylib             0x0000000191c9c2e4 _pthread_start + 136\nE       15  libsystem_pthread.dylib             0x0000000191c970fc thread_start + 8\n\n.venv/lib/python3.13/site-packages/selenium/webdriver/remote/errorhandler.py:232: NoSuchElementException\n\nDuring handling of the above exception, another exception occurred:\n\nself = <Test_Case.MD.test_md_login.TestMDLogin object at 0x102eaccd0>, url = 'https://dashboard-dev.seel.com/', domain = 'seel-test-alexsong-1050', email = 'yuchen.song+1050@seel.com', order = 123\n\n    @pytest.mark.parametrize(\"url, domain, email, order\", read_data(\"/Users/alex/登陆数据.xlsx\", \"MD登陆数据\"))\n    @allure.feature(\"MD 登录功能\")\n    @allure.story(\"MD 登录测试\")\n    def test_login(self, url, domain, email, order):\n        allure.dynamic.title(f\"登录测试 - {domain}\")\n        allure.dynamic.description(f\"测试渠道: {domain}, 邮箱: {email}, 订单号: {order}\")\n    \n        try:\n            with allure.step(\"打开MD Dashboard页面\"):\n                self.driver.get(url)\n                allure.attach(self.driver.get_screenshot_as_png(), name=\"页面截图\", attachment_type=allure.attachment_type.PNG)\n                assert \"Merchant Dashboard\" in self.driver.title\n    \n            with allure.step(\"执行登录操作\"):\n                element = MD_login(self.driver, email, order)\n                allure.attach(self.driver.get_screenshot_as_png(), name=\"登录后页面截图\", attachment_type=allure.attachment_type.PNG)\n                assert \"Protection\" in element\n    \n        except AssertionError as ae:\n            # 捕获断言失败的异常，记录日志并截图\n            self.log.error(f\"{domain} FAIL —— data : {email} {order}, error: 断言失败\")\n            self.driver.save_screenshot(self.screenshot_path)\n            allure.attach.file(self.screenshot_path, name=\"失败截图\", attachment_type=allure.attachment_type.PNG)\n            raise AssertionError(f\"Assertion failed，data: {email} {order}, screenshot: {self.screenshot_path}\")\n    \n        except NoSuchElementException as ne:\n            # 捕获元素未找到的异常，记录日志并截图\n            self.log.error(f\"{domain} FAIL —— data : {email} {order}, error: 元素未找到\")\n            self.driver.save_screenshot(self.screenshot_path)\n            allure.attach.file(self.screenshot_path, name=\"失败截图\", attachment_type=allure.attachment_type.PNG)\n>           raise AssertionError(f\"元素未找到，data: {email} {order}, screenshot: {self.screenshot_path}\")\nE           AssertionError: 元素未找到，data: yuchen.song+1050@seel.com 123, screenshot: /Users/alex/PycharmProjects/pytest_framework/image/20250427_174117.png\n\nTest_Case/MD/test_md_login.py:87: AssertionError"}, "description": "测试渠道: seel-test-alexsong-1050, 邮箱: yuchen.song+1050@seel.com, 订单号: 123", "steps": [{"name": "打开MD Dashboard页面", "status": "passed", "attachments": [{"name": "页面截图", "source": "a7f5453c-cdc7-4d56-b98e-32793968f648-attachment.png", "type": "image/png"}], "start": 1745746877433, "stop": 1745746883271}, {"name": "执行登录操作", "status": "broken", "statusDetails": {"message": "selenium.common.exceptions.NoSuchElementException: Message: no such element: Unable to locate element: {\"method\":\"xpath\",\"selector\":\"//h1[@class='font-bold text-3xl mr-6']\"}\n  (Session info: chrome=135.0.7049.115); For documentation on this error, please visit: https://www.selenium.dev/documentation/webdriver/troubleshooting/errors#no-such-element-exception\nStacktrace:\n0   chromedriver                        0x0000000105056e10 cxxbridge1$str$ptr + 2817040\n1   chromedriver                        0x000000010504f0ac cxxbridge1$str$ptr + 2784940\n2   chromedriver                        0x0000000104b968d8 cxxbridge1$string$len + 93028\n3   chromedriver                        0x0000000104bdd6a0 cxxbridge1$string$len + 383276\n4   chromedriver                        0x0000000104c1e7b8 cxxbridge1$string$len + 649796\n5   chromedriver                        0x0000000104bd1a80 cxxbridge1$string$len + 335116\n6   chromedriver                        0x000000010501bc98 cxxbridge1$str$ptr + 2575000\n7   chromedriver                        0x000000010501ef64 cxxbridge1$str$ptr + 2588004\n8   chromedriver                        0x0000000104ffba20 cxxbridge1$str$ptr + 2443296\n9   chromedriver                        0x000000010501f7e0 cxxbridge1$str$ptr + 2590176\n10  chromedriver                        0x0000000104fecb14 cxxbridge1$str$ptr + 2382100\n11  chromedriver                        0x000000010503f9c4 cxxbridge1$str$ptr + 2721732\n12  chromedriver                        0x000000010503fb50 cxxbridge1$str$ptr + 2722128\n13  chromedriver                        0x000000010504ecf8 cxxbridge1$str$ptr + 2783992\n14  libsystem_pthread.dylib             0x0000000191c9c2e4 _pthread_start + 136\n15  libsystem_pthread.dylib             0x0000000191c970fc thread_start + 8\n\n", "trace": "  File \"/Users/alex/PycharmProjects/pytest_framework/Test_Case/MD/test_md_login.py\", line 71, in test_login\n    element = MD_login(self.driver, email, order)\n  File \"/Users/alex/PycharmProjects/pytest_framework/common/MD_login.py\", line 17, in MD_login\n    element = driver.find_element(By.XPATH, \"//h1[@class='font-bold text-3xl mr-6']\").text\n              ~~~~~~~~~~~~~~~~~~~^^^^^^^^^^^^^^^^^^^^^^^^^^^^^^^^^^^^^^^^^^^^^^^^^^^^\n  File \"/Users/alex/PycharmProjects/pytest_framework/.venv/lib/python3.13/site-packages/selenium/webdriver/remote/webdriver.py\", line 898, in find_element\n    return self.execute(Command.FIND_ELEMENT, {\"using\": by, \"value\": value})[\"value\"]\n           ~~~~~~~~~~~~^^^^^^^^^^^^^^^^^^^^^^^^^^^^^^^^^^^^^^^^^^^^^^^^^^^^^\n  File \"/Users/alex/PycharmProjects/pytest_framework/.venv/lib/python3.13/site-packages/selenium/webdriver/remote/webdriver.py\", line 429, in execute\n    self.error_handler.check_response(response)\n    ~~~~~~~~~~~~~~~~~~~~~~~~~~~~~~~~~^^^^^^^^^^\n  File \"/Users/alex/PycharmProjects/pytest_framework/.venv/lib/python3.13/site-packages/selenium/webdriver/remote/errorhandler.py\", line 232, in check_response\n    raise exception_class(message, screen, stacktrace)\n"}, "start": 1745746883271, "stop": 1745746895825}], "attachments": [{"name": "失败截图", "source": "4e5bf0ee-5873-4adc-b2b2-57d38cf42b3c-attachment.png", "type": "image/png"}, {"name": "stdout", "source": "68c8820d-61c6-4511-b920-fa4ad3cb75b1-attachment.txt", "type": "text/plain"}, {"name": "stderr", "source": "c3e19836-6548-421d-91f7-f67f7070feb0-attachment.txt", "type": "text/plain"}], "parameters": [{"name": "url", "value": "'https://dashboard-dev.seel.com/'"}, {"name": "domain", "value": "'seel-test-alexsong-1050'"}, {"name": "email", "value": "'yuchen.song+1050@seel.com'"}, {"name": "order", "value": "123"}], "start": 1745746877432, "stop": 1745746896029, "uuid": "d55c579d-d29c-4db9-9e22-b9984ec0efd0", "historyId": "dc57e149fe209d6d913a1a09fe8245f1", "testCaseId": "d9930c3af6f99665d5e01a65a260fc5d", "fullName": "Test_Case.MD.test_md_login.TestMDLogin#test_login", "labels": [{"name": "story", "value": "MD 登录测试"}, {"name": "feature", "value": "MD 登录功能"}, {"name": "parentSuite", "value": "Test_Case.MD"}, {"name": "suite", "value": "test_md_login"}, {"name": "subSuite", "value": "TestMDLogin"}, {"name": "host", "value": "alexdeMacBook-Pro.local"}, {"name": "thread", "value": "82087-MainThread"}, {"name": "framework", "value": "pytest"}, {"name": "language", "value": "cpython3"}, {"name": "package", "value": "Test_Case.MD.test_md_login"}]}